[debug] [2025-08-01T00:43:48.828Z] ----------------------------------------------------------------------
[debug] [2025-08-01T00:43:48.844Z] Command:       /usr/local/Cellar/node/23.7.0/bin/node /usr/local/bin/firebase use --add
[debug] [2025-08-01T00:43:48.845Z] CLI Version:   14.11.1
[debug] [2025-08-01T00:43:48.845Z] Platform:      darwin
[debug] [2025-08-01T00:43:48.846Z] Node Version:  v23.7.0
[debug] [2025-08-01T00:43:48.846Z] Time:          Thu Jul 31 2025 20:43:48 GMT-0400 (Eastern Daylight Time)
[debug] [2025-08-01T00:43:48.846Z] ----------------------------------------------------------------------
[debug] 
[debug] [2025-08-01T00:43:49.048Z] > command requires scopes: ["email","openid","https://www.googleapis.com/auth/cloudplatformprojects.readonly","https://www.googleapis.com/auth/firebase","https://www.googleapis.com/auth/cloud-platform"]
[debug] [2025-08-01T00:43:49.048Z] > authorizing via signed-in user (coreylipsey@gutcheckaiapp.com)
[debug] [2025-08-01T00:43:49.049Z] Checked if tokens are valid: true, expires at: 1754012323333
[debug] [2025-08-01T00:43:49.050Z] Checked if tokens are valid: true, expires at: 1754012323333
[debug] [2025-08-01T00:43:49.051Z] >>> [apiv2][query] GET https://firebase.googleapis.com/v1beta1/projects pageSize=1000
[debug] [2025-08-01T00:43:49.549Z] <<< [apiv2][status] GET https://firebase.googleapis.com/v1beta1/projects 200
[debug] [2025-08-01T00:43:49.550Z] <<< [apiv2][body] GET https://firebase.googleapis.com/v1beta1/projects [omitted]
[debug] [2025-08-01T13:13:31.237Z] ExitPromptError: User force closed the prompt with SIGINT
    at Interface.sigint (/usr/local/lib/node_modules/firebase-tools/node_modules/@inquirer/core/dist/commonjs/lib/create-prompt.js:101:37)
    at Interface.emit (node:events:507:28)
    at Interface.emit (node:domain:489:12)
    at [_ttyWrite] [as _ttyWrite] (node:internal/readline/interface:1125:18)
    at ReadStream.onkeypress (node:internal/readline/interface:264:20)
    at ReadStream.emit (node:events:519:35)
    at ReadStream.emit (node:domain:489:12)
    at emitKeys (node:internal/readline/utils:370:14)
    at emitKeys.next (<anonymous>)
    at ReadStream.onData (node:internal/readline/emitKeypressEvents:64:36)
[error] 
[error] Error: An unexpected error has occurred.
